<?xml version="1.0" encoding="UTF-8"?>
<!-- Generated by org.testng.reporters.JUnitXMLReporter -->
<testsuite hostname="DESKTOP-NAVEEN" ignored="4" name="Test" tests="5" failures="0" timestamp="21 Aug 2022 08:38:13 GMT" time="0.123" errors="0">
  <testcase name="tc200" time="0.012" classname="suiteLevelExecution.Group2"/>
  <testcase name="tc300" time="0.01" classname="suiteLevelExecution.Group2"/>
  <testcase name="tc1" time="0.003" classname="suiteLevelExecution.Group1"/>
  <testcase name="tc2" time="0.002" classname="suiteLevelExecution.Group1"/>
  <testcase name="tc1000" time="0.003" classname="suiteLevelExecution.Group3"/>
  <testcase name="tc100" time="0.0" classname="suiteLevelExecution.Group2">
    <ignored/>
  </testcase> <!-- tc100 -->
  <testcase name="tc3000" time="0.0" classname="suiteLevelExecution.Group3">
    <ignored/>
  </testcase> <!-- tc3000 -->
  <testcase name="tc3" time="0.0" classname="suiteLevelExecution.Group1">
    <ignored/>
  </testcase> <!-- tc3 -->
  <testcase name="tc2000" time="0.0" classname="suiteLevelExecution.Group3">
    <ignored/>
  </testcase> <!-- tc2000 -->
</testsuite> <!-- Test -->
