<?xml version="1.0" encoding="UTF-8"?>
<!-- Generated by org.testng.reporters.JUnitXMLReporter -->
<testsuite hostname="DESKTOP-J7V7KI8" name="Test" tests="1" failures="1" timestamp="10 Mar 2022 12:05:44 GMT" time="0.023" errors="0">
  <testcase name="launchApp" time="0.01" classname="common.ListenersDemoTest">
    <failure type="java.lang.NullPointerException">
      <![CDATA[java.lang.NullPointerException
	at common.ListenersDemoTest.launchApp(ListenersDemoTest.java:11)
... Removed 24 stack frames]]>
    </failure>
  </testcase> <!-- launchApp -->
</testsuite> <!-- Test -->
