<?xml version="1.0" encoding="UTF-8"?>
<!-- Generated by org.testng.reporters.JUnitXMLReporter -->
<testsuite hostname="DESKTOP-J7V7KI8" name="Default test(failed)(failed)" tests="1" failures="1" timestamp="31 Mar 2022 15:56:52 GMT" time="0.026" errors="0">
  <testcase name="tc2" time="0.01" classname="TestNGDailyPractice.Demo">
    <failure type="java.lang.AssertionError" message="expected [true] but found [false]">
      <![CDATA[java.lang.AssertionError: expected [true] but found [false]
	at TestNGDailyPractice.Demo.tc2(Demo.java:13)
... Removed 28 stack frames]]>
    </failure>
  </testcase> <!-- tc2 -->
</testsuite> <!-- Default test(failed)(failed) -->
