<?xml version="1.0" encoding="UTF-8"?>
<testng-results skipped="0" failed="0" total="4" passed="4">
  <reporter-output>
  </reporter-output>
  <suite name="Default suite" duration-ms="29265" started-at="2022-09-07T10:04:53Z" finished-at="2022-09-07T10:05:22Z">
    <groups>
      <group name="Regression">
        <method signature="Task11.Facebook()[pri:0, instance:testng.greenspractice.Task11@42e26948]" name="Facebook" class="testng.greenspractice.Task11"/>
      </group> <!-- Regression -->
      <group name="smoke">
        <method signature="Task11.Facebook1()[pri:0, instance:testng.greenspractice.Task11@42e26948]" name="Facebook1" class="testng.greenspractice.Task11"/>
      </group> <!-- smoke -->
      <group name="sanity">
        <method signature="Task11.Facebook2()[pri:0, instance:testng.greenspractice.Task11@42e26948]" name="Facebook2" class="testng.greenspractice.Task11"/>
      </group> <!-- sanity -->
      <group name="adhoc">
        <method signature="Task11.Facebook3()[pri:0, instance:testng.greenspractice.Task11@42e26948]" name="Facebook3" class="testng.greenspractice.Task11"/>
      </group> <!-- adhoc -->
    </groups>
    <test name="Default test" duration-ms="29265" started-at="2022-09-07T10:04:53Z" finished-at="2022-09-07T10:05:22Z">
      <class name="testng.greenspractice.Task11">
        <test-method status="PASS" signature="beforeClass()[pri:0, instance:testng.greenspractice.Task11@42e26948]" name="beforeClass" is-config="true" duration-ms="25908" started-at="2022-09-07T15:34:53Z" finished-at="2022-09-07T15:35:19Z">
          <reporter-output>
          </reporter-output>
        </test-method> <!-- beforeClass -->
        <test-method status="PASS" signature="Facebook()[pri:0, instance:testng.greenspractice.Task11@42e26948]" name="Facebook" duration-ms="293" started-at="2022-09-07T15:35:19Z" finished-at="2022-09-07T15:35:19Z">
          <reporter-output>
          </reporter-output>
        </test-method> <!-- Facebook -->
        <test-method status="PASS" signature="Facebook1()[pri:0, instance:testng.greenspractice.Task11@42e26948]" name="Facebook1" duration-ms="191" started-at="2022-09-07T15:35:19Z" finished-at="2022-09-07T15:35:19Z">
          <reporter-output>
          </reporter-output>
        </test-method> <!-- Facebook1 -->
        <test-method status="PASS" signature="Facebook2()[pri:0, instance:testng.greenspractice.Task11@42e26948]" name="Facebook2" duration-ms="223" started-at="2022-09-07T15:35:19Z" finished-at="2022-09-07T15:35:20Z">
          <reporter-output>
          </reporter-output>
        </test-method> <!-- Facebook2 -->
        <test-method status="PASS" signature="Facebook3()[pri:0, instance:testng.greenspractice.Task11@42e26948]" name="Facebook3" duration-ms="168" started-at="2022-09-07T15:35:20Z" finished-at="2022-09-07T15:35:20Z">
          <reporter-output>
          </reporter-output>
        </test-method> <!-- Facebook3 -->
        <test-method status="PASS" signature="afterClass()[pri:0, instance:testng.greenspractice.Task11@42e26948]" name="afterClass" is-config="true" duration-ms="2461" started-at="2022-09-07T15:35:20Z" finished-at="2022-09-07T15:35:22Z">
          <reporter-output>
          </reporter-output>
        </test-method> <!-- afterClass -->
      </class> <!-- testng.greenspractice.Task11 -->
    </test> <!-- Default test -->
  </suite> <!-- Default suite -->
</testng-results>
